# JRE version: Java(TM) SE Runtime Environment (25.0.2+10) (build 25.0.2+10-LTS-69)
# Java VM: Java HotSpot(TM) 64-Bit Server VM (25.0.2+10-LTS-69, mixed mode, sharing, tiered, compressed oops, compressed class ptrs, g1 gc, windows-amd64)
GC Precious Log:
 CardTable entry size: 512
 Card Set container configuration: InlinePtr #cards 4 size 8 Array Of Cards #cards 16 size 48 Howl #buckets 8 coarsen threshold 3686 Howl Bitmap #cards 512 size 80 coarsen threshold 460 Card regions per heap region 1 cards per card region 4096
 CPUs: 8 total, 8 available
 Memory: 16177M
 Large Page Support: Disabled
 NUMA Support: Disabled
 Compressed Oops: Enabled (Zero based)
 Heap Region Size: 2M
 Heap Min Capacity: 8M
 Heap Initial Capacity: 254M
 Heap Max Capacity: 4046M
 Pre-touch: Disabled
 Parallel Workers: 8
 Concurrent Workers: 2
 Concurrent Refinement Workers: 8
 Periodic GC: Disabled
Heap:
 garbage-first heap   total reserved 4143104K, committed 161792K, used 49263K [0x0000000703200000, 0x0000000800000000)
  region size 2048K, 13 young (26624K), 2 survivors (4096K)
GC Heap Usage History (18 events):
Event: 0.943 {heap Before GC invocations=0 (full 0):
 garbage-first heap   total reserved 4143104K, committed 262144K, used 48277K [0x0000000703200000, 0x0000000800000000)
  region size 2048K, 24 young (49152K), 0 survivors (0K)
}
Event: 0.947 {heap After GC invocations=1 (full 0):
 garbage-first heap   total reserved 4143104K, committed 262144K, used 8313K [0x0000000703200000, 0x0000000800000000)
  region size 2048K, 3 young (6144K), 3 survivors (6144K)
}
Event: 1.157 {heap Before GC invocations=1 (full 0):
 garbage-first heap   total reserved 4143104K, committed 262144K, used 26745K [0x0000000703200000, 0x0000000800000000)
  region size 2048K, 13 young (26624K), 3 survivors (6144K)
}
Event: 1.161 {heap After GC invocations=2 (full 0):
 garbage-first heap   total reserved 4143104K, committed 262144K, used 10489K [0x0000000703200000, 0x0000000800000000)
  region size 2048K, 5 young (10240K), 5 survivors (10240K)
}
Event: 1.453 {heap Before GC invocations=3 (full 0):
 garbage-first heap   total reserved 4143104K, committed 49152K, used 45305K [0x0000000703200000, 0x0000000800000000)
  region size 2048K, 22 young (45056K), 5 survivors (10240K)
}
Event: 1.461 {heap After GC invocations=4 (full 0):
 garbage-first heap   total reserved 4143104K, committed 63488K, used 16398K [0x0000000703200000, 0x0000000800000000)
  region size 2048K, 7 young (14336K), 7 survivors (14336K)
}
Event: 1.709 {heap Before GC invocations=4 (full 0):
 garbage-first heap   total reserved 4143104K, committed 63488K, used 36878K [0x0000000703200000, 0x0000000800000000)
  region size 2048K, 18 young (36864K), 7 survivors (14336K)
}
Event: 1.721 {heap After GC invocations=5 (full 0):
 garbage-first heap   total reserved 4143104K, committed 63488K, used 18927K [0x0000000703200000, 0x0000000800000000)
  region size 2048K, 1 young (2048K), 1 survivors (2048K)
}
Event: 2.520 {heap Before GC invocations=5 (full 0):
 garbage-first heap   total reserved 4143104K, committed 63488K, used 45551K [0x0000000703200000, 0x0000000800000000)
  region size 2048K, 14 young (28672K), 1 survivors (2048K)
}
Event: 2.525 {heap After GC invocations=6 (full 0):
 garbage-first heap   total reserved 4143104K, committed 63488K, used 20596K [0x0000000703200000, 0x0000000800000000)
  region size 2048K, 2 young (4096K), 2 survivors (4096K)
}
Event: 2.729 {heap Before GC invocations=6 (full 0):
 garbage-first heap   total reserved 4143104K, committed 63488K, used 34932K [0x0000000703200000, 0x0000000800000000)
  region size 2048K, 11 young (22528K), 2 survivors (4096K)
}
Event: 2.733 {heap After GC invocations=7 (full 0):
 garbage-first heap   total reserved 4143104K, committed 63488K, used 21450K [0x0000000703200000, 0x0000000800000000)
  region size 2048K, 2 young (4096K), 2 survivors (4096K)
}
Event: 3.092 {heap Before GC invocations=8 (full 0):
 garbage-first heap   total reserved 4143104K, committed 63488K, used 50122K [0x0000000703200000, 0x0000000800000000)
  region size 2048K, 15 young (30720K), 2 survivors (4096K)
}
Event: 3.102 {heap After GC invocations=9 (full 0):
 garbage-first heap   total reserved 4143104K, committed 63488K, used 25969K [0x0000000703200000, 0x0000000800000000)
  region size 2048K, 2 young (4096K), 2 survivors (4096K)
}
Event: 3.301 {heap Before GC invocations=9 (full 0):
 garbage-first heap   total reserved 4143104K, committed 63488K, used 46449K [0x0000000703200000, 0x0000000800000000)
  region size 2048K, 13 young (26624K), 2 survivors (4096K)
}
Event: 3.310 {heap After GC invocations=10 (full 0):
 garbage-first heap   total reserved 4143104K, committed 63488K, used 28304K [0x0000000703200000, 0x0000000800000000)
  region size 2048K, 2 young (4096K), 2 survivors (4096K)
}
Event: 3.377 {heap Before GC invocations=10 (full 0):
 garbage-first heap   total reserved 4143104K, committed 63488K, used 50832K [0x0000000703200000, 0x0000000800000000)
  region size 2048K, 13 young (26624K), 2 survivors (4096K)
}
Event: 3.383 {heap After GC invocations=11 (full 0):
 garbage-first heap   total reserved 4143104K, committed 161792K, used 30831K [0x0000000703200000, 0x0000000800000000)
  region size 2048K, 2 young (4096K), 2 survivors (4096K)
}

