# JRE version: Java(TM) SE Runtime Environment (25.0.2+10) (build 25.0.2+10-LTS-69)
# Java VM: Java HotSpot(TM) 64-Bit Server VM (25.0.2+10-LTS-69, mixed mode, sharing, tiered, compressed oops, compressed class ptrs, g1 gc, windows-amd64)
GC Precious Log:
 CardTable entry size: 512
 Card Set container configuration: InlinePtr #cards 4 size 8 Array Of Cards #cards 16 size 48 Howl #buckets 8 coarsen threshold 3686 Howl Bitmap #cards 512 size 80 coarsen threshold 460 Card regions per heap region 1 cards per card region 4096
 CPUs: 8 total, 8 available
 Memory: 16177M
 Large Page Support: Disabled
 NUMA Support: Disabled
 Compressed Oops: Enabled (Zero based)
 Heap Region Size: 2M
 Heap Min Capacity: 8M
 Heap Initial Capacity: 254M
 Heap Max Capacity: 4046M
 Pre-touch: Disabled
 Parallel Workers: 8
 Concurrent Workers: 2
 Concurrent Refinement Workers: 8
 Periodic GC: Disabled
Heap:
 garbage-first heap   total reserved 4143104K, committed 161792K, used 88611K [0x0000000703200000, 0x0000000800000000)
  region size 2048K, 32 young (65536K), 2 survivors (4096K)
GC Heap Usage History (16 events):
Event: 1.169 {heap Before GC invocations=0 (full 0):
 garbage-first heap   total reserved 4143104K, committed 262144K, used 48277K [0x0000000703200000, 0x0000000800000000)
  region size 2048K, 24 young (49152K), 0 survivors (0K)
}
Event: 1.174 {heap After GC invocations=1 (full 0):
 garbage-first heap   total reserved 4143104K, committed 262144K, used 8311K [0x0000000703200000, 0x0000000800000000)
  region size 2048K, 3 young (6144K), 3 survivors (6144K)
}
Event: 1.413 {heap Before GC invocations=1 (full 0):
 garbage-first heap   total reserved 4143104K, committed 262144K, used 26743K [0x0000000703200000, 0x0000000800000000)
  region size 2048K, 13 young (26624K), 3 survivors (6144K)
}
Event: 1.417 {heap After GC invocations=2 (full 0):
 garbage-first heap   total reserved 4143104K, committed 262144K, used 10988K [0x0000000703200000, 0x0000000800000000)
  region size 2048K, 5 young (10240K), 5 survivors (10240K)
}
Event: 1.718 {heap Before GC invocations=3 (full 0):
 garbage-first heap   total reserved 4143104K, committed 49152K, used 45804K [0x0000000703200000, 0x0000000800000000)
  region size 2048K, 22 young (45056K), 5 survivors (10240K)
}
Event: 1.728 {heap After GC invocations=4 (full 0):
 garbage-first heap   total reserved 4143104K, committed 63488K, used 16304K [0x0000000703200000, 0x0000000800000000)
  region size 2048K, 7 young (14336K), 7 survivors (14336K)
}
Event: 2.639 {heap Before GC invocations=4 (full 0):
 garbage-first heap   total reserved 4143104K, committed 63488K, used 36784K [0x0000000703200000, 0x0000000800000000)
  region size 2048K, 18 young (36864K), 7 survivors (14336K)
}
Event: 2.652 {heap After GC invocations=5 (full 0):
 garbage-first heap   total reserved 4143104K, committed 63488K, used 17644K [0x0000000703200000, 0x0000000800000000)
  region size 2048K, 1 young (2048K), 1 survivors (2048K)
}
Event: 2.946 {heap Before GC invocations=5 (full 0):
 garbage-first heap   total reserved 4143104K, committed 63488K, used 44268K [0x0000000703200000, 0x0000000800000000)
  region size 2048K, 14 young (28672K), 1 survivors (2048K)
}
Event: 2.950 {heap After GC invocations=6 (full 0):
 garbage-first heap   total reserved 4143104K, committed 63488K, used 18435K [0x0000000703200000, 0x0000000800000000)
  region size 2048K, 2 young (4096K), 2 survivors (4096K)
}
Event: 3.175 {heap Before GC invocations=6 (full 0):
 garbage-first heap   total reserved 4143104K, committed 63488K, used 34819K [0x0000000703200000, 0x0000000800000000)
  region size 2048K, 12 young (24576K), 2 survivors (4096K)
}
Event: 3.180 {heap After GC invocations=7 (full 0):
 garbage-first heap   total reserved 4143104K, committed 63488K, used 20446K [0x0000000703200000, 0x0000000800000000)
  region size 2048K, 2 young (4096K), 2 survivors (4096K)
}
Event: 3.547 {heap Before GC invocations=8 (full 0):
 garbage-first heap   total reserved 4143104K, committed 63488K, used 51166K [0x0000000703200000, 0x0000000800000000)
  region size 2048K, 16 young (32768K), 2 survivors (4096K)
}
Event: 3.556 {heap After GC invocations=9 (full 0):
 garbage-first heap   total reserved 4143104K, committed 63488K, used 24762K [0x0000000703200000, 0x0000000800000000)
  region size 2048K, 2 young (4096K), 2 survivors (4096K)
}
Event: 3.748 {heap Before GC invocations=9 (full 0):
 garbage-first heap   total reserved 4143104K, committed 63488K, used 49338K [0x0000000703200000, 0x0000000800000000)
  region size 2048K, 14 young (28672K), 2 survivors (4096K)
}
Event: 3.759 {heap After GC invocations=10 (full 0):
 garbage-first heap   total reserved 4143104K, committed 161792K, used 29219K [0x0000000703200000, 0x0000000800000000)
  region size 2048K, 2 young (4096K), 2 survivors (4096K)
}

