# JRE version: Java(TM) SE Runtime Environment (25.0.2+10) (build 25.0.2+10-LTS-69)
# Java VM: Java HotSpot(TM) 64-Bit Server VM (25.0.2+10-LTS-69, mixed mode, sharing, tiered, compressed oops, compressed class ptrs, g1 gc, windows-amd64)
GC Precious Log:
 CardTable entry size: 512
 Card Set container configuration: InlinePtr #cards 4 size 8 Array Of Cards #cards 16 size 48 Howl #buckets 8 coarsen threshold 3686 Howl Bitmap #cards 512 size 80 coarsen threshold 460 Card regions per heap region 1 cards per card region 4096
 CPUs: 8 total, 8 available
 Memory: 16177M
 Large Page Support: Disabled
 NUMA Support: Disabled
 Compressed Oops: Enabled (Zero based)
 Heap Region Size: 2M
 Heap Min Capacity: 8M
 Heap Initial Capacity: 254M
 Heap Max Capacity: 4046M
 Pre-touch: Disabled
 Parallel Workers: 8
 Concurrent Workers: 2
 Concurrent Refinement Workers: 8
 Periodic GC: Disabled
Heap:
 garbage-first heap   total reserved 4143104K, committed 159744K, used 118549K [0x0000000703200000, 0x0000000800000000)
  region size 2048K, 44 young (90112K), 4 survivors (8192K)
GC Heap Usage History (20 events):
Event: 0.992 {heap After GC invocations=1 (full 0):
 garbage-first heap   total reserved 4143104K, committed 262144K, used 8420K [0x0000000703200000, 0x0000000800000000)
  region size 2048K, 3 young (6144K), 3 survivors (6144K)
}
Event: 1.230 {heap Before GC invocations=1 (full 0):
 garbage-first heap   total reserved 4143104K, committed 262144K, used 32996K [0x0000000703200000, 0x0000000800000000)
  region size 2048K, 17 young (34816K), 3 survivors (6144K)
}
Event: 1.234 {heap After GC invocations=2 (full 0):
 garbage-first heap   total reserved 4143104K, committed 262144K, used 10408K [0x0000000703200000, 0x0000000800000000)
  region size 2048K, 4 young (8192K), 4 survivors (8192K)
}
Event: 1.431 {heap Before GC invocations=3 (full 0):
 garbage-first heap   total reserved 4143104K, committed 40960K, used 39080K [0x0000000703200000, 0x0000000800000000)
  region size 2048K, 18 young (36864K), 4 survivors (8192K)
}
Event: 1.439 {heap After GC invocations=4 (full 0):
 garbage-first heap   total reserved 4143104K, committed 55296K, used 15811K [0x0000000703200000, 0x0000000800000000)
  region size 2048K, 7 young (14336K), 7 survivors (14336K)
}
Event: 1.744 {heap Before GC invocations=4 (full 0):
 garbage-first heap   total reserved 4143104K, committed 55296K, used 34243K [0x0000000703200000, 0x0000000800000000)
  region size 2048K, 16 young (32768K), 7 survivors (14336K)
}
Event: 1.756 {heap After GC invocations=5 (full 0):
 garbage-first heap   total reserved 4143104K, committed 55296K, used 17613K [0x0000000703200000, 0x0000000800000000)
  region size 2048K, 1 young (2048K), 1 survivors (2048K)
}
Event: 2.523 {heap Before GC invocations=5 (full 0):
 garbage-first heap   total reserved 4143104K, committed 55296K, used 38093K [0x0000000703200000, 0x0000000800000000)
  region size 2048K, 11 young (22528K), 1 survivors (2048K)
}
Event: 2.526 {heap After GC invocations=6 (full 0):
 garbage-first heap   total reserved 4143104K, committed 55296K, used 18371K [0x0000000703200000, 0x0000000800000000)
  region size 2048K, 2 young (4096K), 2 survivors (4096K)
}
Event: 2.698 {heap Before GC invocations=6 (full 0):
 garbage-first heap   total reserved 4143104K, committed 55296K, used 36803K [0x0000000703200000, 0x0000000800000000)
  region size 2048K, 12 young (24576K), 2 survivors (4096K)
}
Event: 2.702 {heap After GC invocations=7 (full 0):
 garbage-first heap   total reserved 4143104K, committed 55296K, used 19645K [0x0000000703200000, 0x0000000800000000)
  region size 2048K, 2 young (4096K), 2 survivors (4096K)
}
Event: 2.811 {heap Before GC invocations=7 (full 0):
 garbage-first heap   total reserved 4143104K, committed 55296K, used 27837K [0x0000000703200000, 0x0000000800000000)
  region size 2048K, 7 young (14336K), 2 survivors (4096K)
}
Event: 2.815 {heap After GC invocations=8 (full 0):
 garbage-first heap   total reserved 4143104K, committed 55296K, used 20254K [0x0000000703200000, 0x0000000800000000)
  region size 2048K, 2 young (4096K), 2 survivors (4096K)
}
Event: 3.170 {heap Before GC invocations=9 (full 0):
 garbage-first heap   total reserved 4143104K, committed 55296K, used 44830K [0x0000000703200000, 0x0000000800000000)
  region size 2048K, 13 young (26624K), 2 survivors (4096K)
}
Event: 3.181 {heap After GC invocations=10 (full 0):
 garbage-first heap   total reserved 4143104K, committed 57344K, used 24756K [0x0000000703200000, 0x0000000800000000)
  region size 2048K, 2 young (4096K), 2 survivors (4096K)
}
Event: 3.394 {heap Before GC invocations=10 (full 0):
 garbage-first heap   total reserved 4143104K, committed 57344K, used 45236K [0x0000000703200000, 0x0000000800000000)
  region size 2048K, 12 young (24576K), 2 survivors (4096K)
}
Event: 3.403 {heap After GC invocations=11 (full 0):
 garbage-first heap   total reserved 4143104K, committed 159744K, used 27397K [0x0000000703200000, 0x0000000800000000)
  region size 2048K, 2 young (4096K), 2 survivors (4096K)
}
Event: 8.684 {heap Before GC invocations=11 (full 0):
 garbage-first heap   total reserved 4143104K, committed 159744K, used 115461K [0x0000000703200000, 0x0000000800000000)
  region size 2048K, 46 young (94208K), 2 survivors (4096K)
}
Event: 8.694 {heap After GC invocations=12 (full 0):
 garbage-first heap   total reserved 4143104K, committed 159744K, used 36629K [0x0000000703200000, 0x0000000800000000)
  region size 2048K, 6 young (12288K), 6 survivors (12288K)
}
Event: 24.486 {heap Before GC invocations=12 (full 0):
 garbage-first heap   total reserved 4143104K, committed 159744K, used 116501K [0x0000000703200000, 0x0000000800000000)
  region size 2048K, 46 young (94208K), 6 survivors (12288K)
}

